Using pre-set license
Built from '2021.3/staging' branch; Version is '2021.3.23f1 (213b516bf396) revision 2177873'; Using compiler version '192829333'; Build Type 'Release'
OS: 'Windows 10  (10.0.19044) 64bit CoreSingleLanguage' Language: 'en' Physical Memory: 16218 MB
BatchMode: 1, IsHumanControllingUs: 0, StartBugReporterOnCrash: 0, Is64bit: 1, IsPro: 1

COMMAND LINE ARGUMENTS:
D:\Programs\Unity Editor\2021.3.23f1\Editor\Unity.exe
-adb2
-batchMode
-noUpm
-name
AssetImportWorker1
-projectPath
D:/Code Projects/Unity/Distributed Project
-logFile
Logs/AssetImportWorker1.log
-srvPort
51032
Successfully changed project path to: D:/Code Projects/Unity/Distributed Project
D:/Code Projects/Unity/Distributed Project
[UnityMemory] Configuration Parameters - Can be set up in boot.config
    "memorysetup-bucket-allocator-granularity=16"
    "memorysetup-bucket-allocator-bucket-count=8"
    "memorysetup-bucket-allocator-block-size=33554432"
    "memorysetup-bucket-allocator-block-count=8"
    "memorysetup-main-allocator-block-size=16777216"
    "memorysetup-thread-allocator-block-size=16777216"
    "memorysetup-gfx-main-allocator-block-size=16777216"
    "memorysetup-gfx-thread-allocator-block-size=16777216"
    "memorysetup-cache-allocator-block-size=4194304"
    "memorysetup-typetree-allocator-block-size=2097152"
    "memorysetup-profiler-bucket-allocator-granularity=16"
    "memorysetup-profiler-bucket-allocator-bucket-count=8"
    "memorysetup-profiler-bucket-allocator-block-size=33554432"
    "memorysetup-profiler-bucket-allocator-block-count=8"
    "memorysetup-profiler-allocator-block-size=16777216"
    "memorysetup-profiler-editor-allocator-block-size=1048576"
    "memorysetup-temp-allocator-size-main=16777216"
    "memorysetup-job-temp-allocator-block-size=2097152"
    "memorysetup-job-temp-allocator-block-size-background=1048576"
    "memorysetup-job-temp-allocator-reduction-small-platforms=262144"
    "memorysetup-temp-allocator-size-background-worker=32768"
    "memorysetup-temp-allocator-size-job-worker=262144"
    "memorysetup-temp-allocator-size-preload-manager=33554432"
    "memorysetup-temp-allocator-size-nav-mesh-worker=65536"
    "memorysetup-temp-allocator-size-audio-worker=65536"
    "memorysetup-temp-allocator-size-cloud-worker=32768"
    "memorysetup-temp-allocator-size-gi-baking-worker=262144"
    "memorysetup-temp-allocator-size-gfx=262144"
Player connection [27012] Host "[IP] 192.168.56.1 [Port] 0 [Flags] 2 [Guid] 964006119 [EditorId] 964006119 [Version] 1048832 [Id] WindowsEditor(7,LAPTOP-HDO7NMB1) [Debug] 1 [PackageName] WindowsEditor [ProjectName] Editor" joined multi-casting on [225.0.0.222:54997]...

Player connection [27012] Host "[IP] 192.168.56.1 [Port] 0 [Flags] 2 [Guid] 964006119 [EditorId] 964006119 [Version] 1048832 [Id] WindowsEditor(7,LAPTOP-HDO7NMB1) [Debug] 1 [PackageName] WindowsEditor [ProjectName] Editor" joined alternative multi-casting on [225.0.0.222:34997]...

Refreshing native plugins compatible for Editor in 104.30 ms, found 4 plugins.
Preloading 0 native plugins for Editor in 0.00 ms.
Initialize engine version: 2021.3.23f1 (213b516bf396)
[Subsystems] Discovering subsystems at path D:/Programs/Unity Editor/2021.3.23f1/Editor/Data/Resources/UnitySubsystems
[Subsystems] Discovering subsystems at path D:/Code Projects/Unity/Distributed Project/Assets
GfxDevice: creating device client; threaded=0; jobified=0
Direct3D:
    Version:  Direct3D 11.0 [level 11.1]
    Renderer: NVIDIA GeForce GTX 1660 Ti (ID=0x2191)
    Vendor:   NVIDIA
    VRAM:     5991 MB
    Driver:   31.0.15.1691
Initialize mono
Mono path[0] = 'D:/Programs/Unity Editor/2021.3.23f1/Editor/Data/Managed'
Mono path[1] = 'D:/Programs/Unity Editor/2021.3.23f1/Editor/Data/MonoBleedingEdge/lib/mono/unityjit-win32'
Mono config path = 'D:/Programs/Unity Editor/2021.3.23f1/Editor/Data/MonoBleedingEdge/etc'
Using monoOptions --debugger-agent=transport=dt_socket,embedding=1,server=y,suspend=n,address=127.0.0.1:56760
Begin MonoManager ReloadAssembly
Registering precompiled unity dll's ...
Register platform support module: D:/Programs/Unity Editor/2021.3.23f1/Editor/Data/PlaybackEngines/WebGLSupport/UnityEditor.WebGL.Extensions.dll
Register platform support module: D:/Programs/Unity Editor/2021.3.23f1/Editor/Data/PlaybackEngines/WindowsStandaloneSupport/UnityEditor.WindowsStandalone.Extensions.dll
Registered in 0.003424 seconds.
Native extension for WindowsStandalone target not found
Native extension for WebGL target not found
Refreshing native plugins compatible for Editor in 87.34 ms, found 4 plugins.
Preloading 0 native plugins for Editor in 0.00 ms.
Mono: successfully reloaded assembly
- Completed reload, in  0.626 seconds
Domain Reload Profiling:
	ReloadAssembly (627ms)
		BeginReloadAssembly (81ms)
			ExecutionOrderSort (0ms)
			DisableScriptedObjects (0ms)
			BackupInstance (0ms)
			ReleaseScriptingObjects (0ms)
			CreateAndSetChildDomain (1ms)
		EndReloadAssembly (456ms)
			LoadAssemblies (81ms)
			RebuildTransferFunctionScriptingTraits (0ms)
			SetupTypeCache (112ms)
			ReleaseScriptCaches (0ms)
			RebuildScriptCaches (27ms)
			SetupLoadedEditorAssemblies (274ms)
				LogAssemblyErrors (0ms)
				InitializePlatformSupportModulesInManaged (6ms)
				SetLoadedEditorAssemblies (0ms)
				RefreshPlugins (87ms)
				BeforeProcessingInitializeOnLoad (1ms)
				ProcessInitializeOnLoadAttributes (136ms)
				ProcessInitializeOnLoadMethodAttributes (43ms)
				AfterProcessingInitializeOnLoad (0ms)
				EditorAssembliesLoaded (0ms)
			ExecutionOrderSort2 (0ms)
			AwakeInstancesAfterBackupRestoration (0ms)
Platform modules already initialized, skipping
Registering precompiled user dll's ...
Registered in 0.004411 seconds.
Begin MonoManager ReloadAssembly
Symbol file LoadedFromMemory doesn't match image D:\Code Projects\Unity\Distributed Project\Library\PackageCache\com.unity.visualscripting@1.8.0\Editor\VisualScripting.Core\Dependencies\YamlDotNet\Unity.VisualScripting.YamlDotNet.dll
Symbol file LoadedFromMemory doesn't match image D:\Code Projects\Unity\Distributed Project\Library\PackageCache\com.unity.visualscripting@1.8.0\Editor\VisualScripting.Core\Dependencies\DotNetZip\Unity.VisualScripting.IonicZip.dll
Native extension for WindowsStandalone target not found
Native extension for WebGL target not found
Refreshing native plugins compatible for Editor in 0.47 ms, found 4 plugins.
Preloading 0 native plugins for Editor in 0.00 ms.
Mono: successfully reloaded assembly
- Completed reload, in  1.000 seconds
Domain Reload Profiling:
	ReloadAssembly (1001ms)
		BeginReloadAssembly (109ms)
			ExecutionOrderSort (0ms)
			DisableScriptedObjects (5ms)
			BackupInstance (0ms)
			ReleaseScriptingObjects (0ms)
			CreateAndSetChildDomain (18ms)
		EndReloadAssembly (794ms)
			LoadAssemblies (86ms)
			RebuildTransferFunctionScriptingTraits (0ms)
			SetupTypeCache (271ms)
			ReleaseScriptCaches (1ms)
			RebuildScriptCaches (56ms)
			SetupLoadedEditorAssemblies (348ms)
				LogAssemblyErrors (0ms)
				InitializePlatformSupportModulesInManaged (5ms)
				SetLoadedEditorAssemblies (0ms)
				RefreshPlugins (1ms)
				BeforeProcessingInitializeOnLoad (82ms)
				ProcessInitializeOnLoadAttributes (238ms)
				ProcessInitializeOnLoadMethodAttributes (19ms)
				AfterProcessingInitializeOnLoad (3ms)
				EditorAssembliesLoaded (0ms)
			ExecutionOrderSort2 (0ms)
			AwakeInstancesAfterBackupRestoration (7ms)
Platform modules already initialized, skipping
========================================================================
Worker process is ready to serve import requests
Launched and connected shader compiler UnityShaderCompiler.exe after 0.05 seconds
Refreshing native plugins compatible for Editor in 0.51 ms, found 4 plugins.
Preloading 0 native plugins for Editor in 0.00 ms.
Unloading 3274 Unused Serialized files (Serialized files now loaded: 0)
Unloading 27 unused Assets / (113.9 KB). Loaded Objects now: 3750.
Memory consumption went from 127.9 MB to 127.7 MB.
Total: 2.654000 ms (FindLiveObjects: 0.246900 ms CreateObjectMapping: 0.180700 ms MarkObjects: 2.130200 ms  DeleteObjects: 0.095500 ms)

AssetImportParameters requested are different than current active one (requested -> active):
  custom:video-decoder-ogg-theora: a1e56fd34408186e4bbccfd4996cb3dc -> 
  custom:container-muxer-webm: aa71ff27fc2769a1b78a27578f13a17b -> 
  custom:container-demuxer-webm: 4f35f7cbe854078d1ac9338744f61a02 -> 
  custom:video-encoder-webm-vp8: eb34c28f22e8b96e1ab97ce403110664 -> 
  custom:video-codec-MediaFoundation-h265: 746d11721c4dcdbdad8f713fa42b33f4 -> 
  custom:audio-encoder-webm-vorbis: bf7c407c2cedff20999df2af8eb42d56 -> 
  custom:framework-win-MediaFoundation: 216162199b28c13a410421893ffa2e32 -> 
  custom:container-demuxer-ogg: 62fdf1f143b41e24485cea50d1cbac27 -> 
  custom:video-decoder-webm-vp8: 9c59270c3fd7afecdb556c50c9e8de78 -> 
  custom:audio-decoder-ogg-vorbis: bf7c407c2cedff20999df2af8eb42d56 -> 
========================================================================
Received Import Request.
  Time since last request: 1463993.700610 seconds.
  path: Assets/BrokenVector/LowPolyRoadPack/Prefabs/Car 2.prefab
  artifactKey: Guid(8a6f09027b5c26b4b8d2f6d00dbce6d1) Importer(815301076,1909f56bfc062723c751e8b465ee728b)
Start importing Assets/BrokenVector/LowPolyRoadPack/Prefabs/Car 2.prefab using Guid(8a6f09027b5c26b4b8d2f6d00dbce6d1) Importer(815301076,1909f56bfc062723c751e8b465ee728b)  -> (artifact id: '8a785f77a51362adc466522ca885b665') in 0.143417 seconds 
========================================================================
Received Import Request.
  Time since last request: 0.000021 seconds.
  path: Assets/BrokenVector/LowPolyRoadPack/Prefabs/Road Join Road.prefab
  artifactKey: Guid(c5fef14080d92e1448368c964f4f1552) Importer(815301076,1909f56bfc062723c751e8b465ee728b)
Start importing Assets/BrokenVector/LowPolyRoadPack/Prefabs/Road Join Road.prefab using Guid(c5fef14080d92e1448368c964f4f1552) Importer(815301076,1909f56bfc062723c751e8b465ee728b)  -> (artifact id: '1dc596bdf1438d3008e57976bc08a17d') in 0.036210 seconds 
========================================================================
Received Import Request.
  Time since last request: 0.000019 seconds.
  path: Assets/BrokenVector/LowPolyRoadPack/Prefabs/Parkinglot Edge 3.prefab
  artifactKey: Guid(ed0aae2e11d87014f915283c004cede3) Importer(815301076,1909f56bfc062723c751e8b465ee728b)
Start importing Assets/BrokenVector/LowPolyRoadPack/Prefabs/Parkinglot Edge 3.prefab using Guid(ed0aae2e11d87014f915283c004cede3) Importer(815301076,1909f56bfc062723c751e8b465ee728b)  -> (artifact id: '60b8471f9cd307df53b9ecd93d8f4717') in 0.011276 seconds 
========================================================================
Received Import Request.
  Time since last request: 0.000021 seconds.
  path: Assets/BrokenVector/LowPolyRoadPack/Prefabs/Road Cross SIngleLane.prefab
  artifactKey: Guid(7037b12e33ea2dc4a98a52fc649b62f2) Importer(815301076,1909f56bfc062723c751e8b465ee728b)
Start importing Assets/BrokenVector/LowPolyRoadPack/Prefabs/Road Cross SIngleLane.prefab using Guid(7037b12e33ea2dc4a98a52fc649b62f2) Importer(815301076,1909f56bfc062723c751e8b465ee728b)  -> (artifact id: '121e93cb50fa92dbb3ae8aabb6afb243') in 0.012821 seconds 
========================================================================
Received Import Request.
  Time since last request: 0.000014 seconds.
  path: Assets/BrokenVector/LowPolyRoadPack/Prefabs/Freeway Cross Freeway.prefab
  artifactKey: Guid(67b75b5f8253ef64c9aaab70b17ec06e) Importer(815301076,1909f56bfc062723c751e8b465ee728b)
Start importing Assets/BrokenVector/LowPolyRoadPack/Prefabs/Freeway Cross Freeway.prefab using Guid(67b75b5f8253ef64c9aaab70b17ec06e) Importer(815301076,1909f56bfc062723c751e8b465ee728b)  -> (artifact id: '40ce7c970f65466cfa1f2b37a681b260') in 0.010750 seconds 
========================================================================
Received Import Request.
  Time since last request: 0.000017 seconds.
  path: Assets/BrokenVector/LowPolyRoadPack/Prefabs/Freeway Cross Road.prefab
  artifactKey: Guid(7ff5db574d5d2df479ee7bae7f713787) Importer(815301076,1909f56bfc062723c751e8b465ee728b)
Start importing Assets/BrokenVector/LowPolyRoadPack/Prefabs/Freeway Cross Road.prefab using Guid(7ff5db574d5d2df479ee7bae7f713787) Importer(815301076,1909f56bfc062723c751e8b465ee728b)  -> (artifact id: 'd98fde9097d87b6d040c221af1757dee') in 0.040264 seconds 
========================================================================
Received Import Request.
  Time since last request: 0.000050 seconds.
  path: Assets/BrokenVector/LowPolyRoadPack/Prefabs/Highway Join Road.prefab
  artifactKey: Guid(517cd28356a64ae4ca59346763bafa76) Importer(815301076,1909f56bfc062723c751e8b465ee728b)
Start importing Assets/BrokenVector/LowPolyRoadPack/Prefabs/Highway Join Road.prefab using Guid(517cd28356a64ae4ca59346763bafa76) Importer(815301076,1909f56bfc062723c751e8b465ee728b)  -> (artifact id: '8e9156143a95fd80eef66bf94ba9a4f9') in 0.015092 seconds 
========================================================================
Received Import Request.
  Time since last request: 0.000029 seconds.
  path: Assets/BrokenVector/LowPolyRoadPack/Prefabs/Highway Curve 1.prefab
  artifactKey: Guid(68199663c6e51f44bae66172807b8014) Importer(815301076,1909f56bfc062723c751e8b465ee728b)
Start importing Assets/BrokenVector/LowPolyRoadPack/Prefabs/Highway Curve 1.prefab using Guid(68199663c6e51f44bae66172807b8014) Importer(815301076,1909f56bfc062723c751e8b465ee728b)  -> (artifact id: 'f98ef7485efd87325d6d29873a1b9622') in 0.012181 seconds 
========================================================================
Received Import Request.
  Time since last request: 0.000022 seconds.
  path: Assets/BrokenVector/LowPolyRoadPack/Prefabs/Highway Straight 4.prefab
  artifactKey: Guid(3981927452c32484d9640b2bf295fc6c) Importer(815301076,1909f56bfc062723c751e8b465ee728b)
Start importing Assets/BrokenVector/LowPolyRoadPack/Prefabs/Highway Straight 4.prefab using Guid(3981927452c32484d9640b2bf295fc6c) Importer(815301076,1909f56bfc062723c751e8b465ee728b)  -> (artifact id: '4bb429ed0495d97173de13cb3af4385b') in 0.014807 seconds 
========================================================================
Received Import Request.
  Time since last request: 0.000037 seconds.
  path: Assets/BrokenVector/LowPolyRoadPack/Prefabs/Road Jump.prefab
  artifactKey: Guid(d995f875a84ca0f4c952dd644d6dbd0e) Importer(815301076,1909f56bfc062723c751e8b465ee728b)
Start importing Assets/BrokenVector/LowPolyRoadPack/Prefabs/Road Jump.prefab using Guid(d995f875a84ca0f4c952dd644d6dbd0e) Importer(815301076,1909f56bfc062723c751e8b465ee728b)  -> (artifact id: '0ca3917920425cfebe7649a21dcc6b17') in 0.016208 seconds 
========================================================================
Received Import Request.
  Time since last request: 0.000018 seconds.
  path: Assets/BrokenVector/LowPolyRoadPack/Prefabs/Highway Cross Road.prefab
  artifactKey: Guid(58cb49345998e1e4ebc99dfa7af32696) Importer(815301076,1909f56bfc062723c751e8b465ee728b)
Start importing Assets/BrokenVector/LowPolyRoadPack/Prefabs/Highway Cross Road.prefab using Guid(58cb49345998e1e4ebc99dfa7af32696) Importer(815301076,1909f56bfc062723c751e8b465ee728b)  -> (artifact id: '6df218c2af9469f45a59562e93149de3') in 0.014831 seconds 
========================================================================
Received Import Request.
  Time since last request: 0.000024 seconds.
  path: Assets/BrokenVector/LowPolyRoadPack/Prefabs/Freeway Join Freeway 2.prefab
  artifactKey: Guid(409109bbaa58cf340b5fea204e6aac85) Importer(815301076,1909f56bfc062723c751e8b465ee728b)
Start importing Assets/BrokenVector/LowPolyRoadPack/Prefabs/Freeway Join Freeway 2.prefab using Guid(409109bbaa58cf340b5fea204e6aac85) Importer(815301076,1909f56bfc062723c751e8b465ee728b)  -> (artifact id: 'dd002cbdd9252b64ce0ce9e65355ae7c') in 0.012758 seconds 
========================================================================
Received Import Request.
  Time since last request: 0.000021 seconds.
  path: Assets/BrokenVector/LowPolyRoadPack/Prefabs/Road S-Curve.prefab
  artifactKey: Guid(70accd32f42b80b40a1a83ef93f9b293) Importer(815301076,1909f56bfc062723c751e8b465ee728b)
Start importing Assets/BrokenVector/LowPolyRoadPack/Prefabs/Road S-Curve.prefab using Guid(70accd32f42b80b40a1a83ef93f9b293) Importer(815301076,1909f56bfc062723c751e8b465ee728b)  -> (artifact id: '9f9a1e41fa7f9daa47ae363fba48a030') in 0.011657 seconds 
========================================================================
Received Import Request.
  Time since last request: 0.000021 seconds.
  path: Assets/BrokenVector/LowPolyRoadPack/Prefabs/Parkinglot Entrance.prefab
  artifactKey: Guid(60eed786d7a83604ea71df548e30b85f) Importer(815301076,1909f56bfc062723c751e8b465ee728b)
Start importing Assets/BrokenVector/LowPolyRoadPack/Prefabs/Parkinglot Entrance.prefab using Guid(60eed786d7a83604ea71df548e30b85f) Importer(815301076,1909f56bfc062723c751e8b465ee728b)  -> (artifact id: '71226039d964c128b9a1639c93dfb3f6') in 0.010778 seconds 
========================================================================
Received Import Request.
  Time since last request: 0.000024 seconds.
  path: Assets/BrokenVector/LowPolyRoadPack/Prefabs/Road Cross Road.prefab
  artifactKey: Guid(93bec4dd0427e844db426ee1317979ff) Importer(815301076,1909f56bfc062723c751e8b465ee728b)
Start importing Assets/BrokenVector/LowPolyRoadPack/Prefabs/Road Cross Road.prefab using Guid(93bec4dd0427e844db426ee1317979ff) Importer(815301076,1909f56bfc062723c751e8b465ee728b)  -> (artifact id: '9b60a1228c7dce130917f3f879ab978a') in 0.010150 seconds 
========================================================================
Received Import Request.
  Time since last request: 0.000015 seconds.
  path: Assets/BrokenVector/LowPolyRoadPack/Prefabs/Road Straight 1.prefab
  artifactKey: Guid(1b5a40444f59ff64997f9b2966f28a54) Importer(815301076,1909f56bfc062723c751e8b465ee728b)
Start importing Assets/BrokenVector/LowPolyRoadPack/Prefabs/Road Straight 1.prefab using Guid(1b5a40444f59ff64997f9b2966f28a54) Importer(815301076,1909f56bfc062723c751e8b465ee728b)  -> (artifact id: '5ef4dd6a4996471aa1f01f1e01639dba') in 0.011465 seconds 
========================================================================
Received Import Request.
  Time since last request: 0.000016 seconds.
  path: Assets/BrokenVector/LowPolyRoadPack/Prefabs/Parkinglot Corner 3.prefab
  artifactKey: Guid(0dd93b050725d874f92e2caeffb53367) Importer(815301076,1909f56bfc062723c751e8b465ee728b)
Start importing Assets/BrokenVector/LowPolyRoadPack/Prefabs/Parkinglot Corner 3.prefab using Guid(0dd93b050725d874f92e2caeffb53367) Importer(815301076,1909f56bfc062723c751e8b465ee728b)  -> (artifact id: '47e0818a4810a0f14647513bcd088aff') in 0.008361 seconds 
========================================================================
Received Import Request.
  Time since last request: 0.000019 seconds.
  path: Assets/BrokenVector/LowPolyRoadPack/Prefabs/Parkinglot Center 1.prefab
  artifactKey: Guid(aa844cbc7cd603f45b3a56fed001aee3) Importer(815301076,1909f56bfc062723c751e8b465ee728b)
Start importing Assets/BrokenVector/LowPolyRoadPack/Prefabs/Parkinglot Center 1.prefab using Guid(aa844cbc7cd603f45b3a56fed001aee3) Importer(815301076,1909f56bfc062723c751e8b465ee728b)  -> (artifact id: 'a3ac0d458dc5525d2a23b325bf5a001d') in 0.010430 seconds 
========================================================================
Received Import Request.
  Time since last request: 0.000024 seconds.
  path: Assets/BrokenVector/LowPolyRoadPack/Prefabs/Highway Cross Freeway.prefab
  artifactKey: Guid(d1e269106cb165145985fd4f36cd816f) Importer(815301076,1909f56bfc062723c751e8b465ee728b)
Start importing Assets/BrokenVector/LowPolyRoadPack/Prefabs/Highway Cross Freeway.prefab using Guid(d1e269106cb165145985fd4f36cd816f) Importer(815301076,1909f56bfc062723c751e8b465ee728b)  -> (artifact id: 'f86e6c145fc9ce2a4f811d213ac2b7f5') in 0.017658 seconds 
========================================================================
Received Import Request.
  Time since last request: 0.000016 seconds.
  path: Assets/BrokenVector/LowPolyRoadPack/Prefabs/Freeway Curve 2.prefab
  artifactKey: Guid(d2b4c92a59cf1a441bf008ca26395efa) Importer(815301076,1909f56bfc062723c751e8b465ee728b)
Start importing Assets/BrokenVector/LowPolyRoadPack/Prefabs/Freeway Curve 2.prefab using Guid(d2b4c92a59cf1a441bf008ca26395efa) Importer(815301076,1909f56bfc062723c751e8b465ee728b)  -> (artifact id: '5a290f2824b9d538b828b3a5c7591812') in 0.012734 seconds 
========================================================================
Received Import Request.
  Time since last request: 0.000025 seconds.
  path: Assets/BrokenVector/LowPolyRoadPack/Prefabs/Freeway Straight 2.prefab
  artifactKey: Guid(ea8ec36c7f9b40f4faa40bf80afec5a3) Importer(815301076,1909f56bfc062723c751e8b465ee728b)
Start importing Assets/BrokenVector/LowPolyRoadPack/Prefabs/Freeway Straight 2.prefab using Guid(ea8ec36c7f9b40f4faa40bf80afec5a3) Importer(815301076,1909f56bfc062723c751e8b465ee728b)  -> (artifact id: 'e961413d5c6573ff21ad3ed7c96098c7') in 0.011745 seconds 
========================================================================
Received Import Request.
  Time since last request: 0.000016 seconds.
  path: Assets/BrokenVector/LowPolyRoadPack/Prefabs/Highway Cross Highway.prefab
  artifactKey: Guid(ea578c43b60d6d4448daa4d3c1ac0e8b) Importer(815301076,1909f56bfc062723c751e8b465ee728b)
Start importing Assets/BrokenVector/LowPolyRoadPack/Prefabs/Highway Cross Highway.prefab using Guid(ea578c43b60d6d4448daa4d3c1ac0e8b) Importer(815301076,1909f56bfc062723c751e8b465ee728b)  -> (artifact id: '9fce5bdf5ab7cfe8a9b9895aab925ebd') in 0.011410 seconds 
========================================================================
Received Import Request.
  Time since last request: 0.000056 seconds.
  path: Assets/BrokenVector/LowPolyRoadPack/Prefabs/Highway Join Highway 2.prefab
  artifactKey: Guid(51c576822a7a42345b47955233d25adb) Importer(815301076,1909f56bfc062723c751e8b465ee728b)
Start importing Assets/BrokenVector/LowPolyRoadPack/Prefabs/Highway Join Highway 2.prefab using Guid(51c576822a7a42345b47955233d25adb) Importer(815301076,1909f56bfc062723c751e8b465ee728b)  -> (artifact id: '921b7849a2340b15798b32f9e6c56d4b') in 0.016003 seconds 
========================================================================
Received Import Request.
  Time since last request: 0.000016 seconds.
  path: Assets/BrokenVector/LowPolyRoadPack/Prefabs/Highway Bridge 1.prefab
  artifactKey: Guid(8d7240f2f0843e442b11595c5465dbf7) Importer(815301076,1909f56bfc062723c751e8b465ee728b)
Start importing Assets/BrokenVector/LowPolyRoadPack/Prefabs/Highway Bridge 1.prefab using Guid(8d7240f2f0843e442b11595c5465dbf7) Importer(815301076,1909f56bfc062723c751e8b465ee728b)  -> (artifact id: '64d8e43f13d4af99a0ccd3f801ecfaf4') in 0.013112 seconds 
========================================================================
Received Import Request.
  Time since last request: 0.653401 seconds.
  path: Assets/BrokenVector/LowPolyRoadPack/Prefabs/Road Straight 3.prefab
  artifactKey: Guid(43678520060fa5e42add8825ab61da06) Importer(815301076,1909f56bfc062723c751e8b465ee728b)
Start importing Assets/BrokenVector/LowPolyRoadPack/Prefabs/Road Straight 3.prefab using Guid(43678520060fa5e42add8825ab61da06) Importer(815301076,1909f56bfc062723c751e8b465ee728b)  -> (artifact id: 'e134ecf7490ab98a71b41e65e77e8c9f') in 0.010268 seconds 
========================================================================
Received Import Request.
  Time since last request: 0.000017 seconds.
  path: Assets/BrokenVector/LowPolyRoadPack/Prefabs/Tunnel Curve.prefab
  artifactKey: Guid(72e0f34fa25621649ab63b1abedef4d9) Importer(815301076,1909f56bfc062723c751e8b465ee728b)
Start importing Assets/BrokenVector/LowPolyRoadPack/Prefabs/Tunnel Curve.prefab using Guid(72e0f34fa25621649ab63b1abedef4d9) Importer(815301076,1909f56bfc062723c751e8b465ee728b)  -> (artifact id: 'beebf66c16033cde7cce2efca947a95f') in 0.012641 seconds 
========================================================================
Received Import Request.
  Time since last request: 0.000034 seconds.
  path: Assets/BrokenVector/LowPolyRoadPack/Prefabs/SingleLane Cross SingleLane.prefab
  artifactKey: Guid(4ad77816d1959bd49a799a1fdeb67987) Importer(815301076,1909f56bfc062723c751e8b465ee728b)
Start importing Assets/BrokenVector/LowPolyRoadPack/Prefabs/SingleLane Cross SingleLane.prefab using Guid(4ad77816d1959bd49a799a1fdeb67987) Importer(815301076,1909f56bfc062723c751e8b465ee728b)  -> (artifact id: '1ad9b9f956cf3db3867c568bd28d80f0') in 0.010255 seconds 
========================================================================
Received Import Request.
  Time since last request: 0.000024 seconds.
  path: Assets/BrokenVector/LowPolyRoadPack/Prefabs/SingleLane S-Curve.prefab
  artifactKey: Guid(5d8d2fcae15c57f46b59943e3db78e5b) Importer(815301076,1909f56bfc062723c751e8b465ee728b)
Start importing Assets/BrokenVector/LowPolyRoadPack/Prefabs/SingleLane S-Curve.prefab using Guid(5d8d2fcae15c57f46b59943e3db78e5b) Importer(815301076,1909f56bfc062723c751e8b465ee728b)  -> (artifact id: 'cb9a63b15ac5f79948000ab9b5178e4c') in 0.010975 seconds 
========================================================================
Received Import Request.
  Time since last request: 0.000016 seconds.
  path: Assets/BrokenVector/LowPolyRoadPack/Prefabs/SingleLane Curve.prefab
  artifactKey: Guid(12f915ef0d4a22244967366bf9764406) Importer(815301076,1909f56bfc062723c751e8b465ee728b)
Start importing Assets/BrokenVector/LowPolyRoadPack/Prefabs/SingleLane Curve.prefab using Guid(12f915ef0d4a22244967366bf9764406) Importer(815301076,1909f56bfc062723c751e8b465ee728b)  -> (artifact id: '1d196442017972b6ca0f530c78dc1b3c') in 0.010856 seconds 
========================================================================
Received Import Request.
  Time since last request: 0.000016 seconds.
  path: Assets/BrokenVector/LowPolyRoadPack/Prefabs/SingleLane Straight 1.prefab
  artifactKey: Guid(9b0c19ad39b17024baf069bf79a4f7c5) Importer(815301076,1909f56bfc062723c751e8b465ee728b)
Start importing Assets/BrokenVector/LowPolyRoadPack/Prefabs/SingleLane Straight 1.prefab using Guid(9b0c19ad39b17024baf069bf79a4f7c5) Importer(815301076,1909f56bfc062723c751e8b465ee728b)  -> (artifact id: 'b453bec8914a52955fe8795da09b6961') in 0.010257 seconds 
========================================================================
Received Import Request.
  Time since last request: 0.010608 seconds.
  path: Assets/BrokenVector/LowPolyRoadPack/Prefabs/Tunnel Straight 4.prefab
  artifactKey: Guid(a746d36c593c3134488d9e58478b528c) Importer(815301076,1909f56bfc062723c751e8b465ee728b)
Start importing Assets/BrokenVector/LowPolyRoadPack/Prefabs/Tunnel Straight 4.prefab using Guid(a746d36c593c3134488d9e58478b528c) Importer(815301076,1909f56bfc062723c751e8b465ee728b)  -> (artifact id: '8b418ee6c155fa7a499e574bf322aa18') in 0.008520 seconds 
Editor requested this worker to shutdown with reason: Scaling down because of idle timeout
AssetImportWorker is now disconnected from the server
Process exiting
Exiting without the bug reporter. Application will terminate with return code 0